03-24 20:03:36 com_github_MitjaNemec_PlaceFootprints.action_place_footprints 674:Plugin executed on: 'win32'
03-24 20:03:36 com_github_MitjaNemec_PlaceFootprints.action_place_footprints 675:Plugin executed with python version: '3.11.5 (main, Nov  6 2025, 07:48:09) [MSC v.1944 64 bit (AMD64)]'
03-24 20:03:36 com_github_MitjaNemec_PlaceFootprints.action_place_footprints 676:KiCad build version: 9.0.7
03-24 20:03:36 com_github_MitjaNemec_PlaceFootprints.action_place_footprints 677:Plugin version: 4.0.1
03-24 20:03:36 com_github_MitjaNemec_PlaceFootprints.action_place_footprints 678:Frame repr: <wx._core.Frame object at 0x0000020DB3DEF400>
03-24 20:03:36 com_github_MitjaNemec_PlaceFootprints.place_footprints 121:getting a list of all footprints on board
03-24 20:03:36 com_github_MitjaNemec_PlaceFootprints.place_footprints 156:Footprint TP609 on root level
03-24 20:03:36 com_github_MitjaNemec_PlaceFootprints.place_footprints 156:Footprint TP611 on root level
03-24 20:03:36 com_github_MitjaNemec_PlaceFootprints.place_footprints 156:Footprint TP610 on root level
03-24 20:03:36 com_github_MitjaNemec_PlaceFootprints.action_place_footprints 717:Reference footprint='D201'
03-24 20:03:39 com_github_MitjaNemec_PlaceFootprints.action_place_footprints 858:Reference designator is: D
03-24 20:03:39 com_github_MitjaNemec_PlaceFootprints.action_place_footprints 859:Reference number is: 201
03-24 20:03:39 com_github_MitjaNemec_PlaceFootprints.action_place_footprints 891:Sorted and filtered list:
['D201', 'D202', 'D203', 'D204', 'D205', 'D206', 'D207', 'D208', 'D209', 'D210', 'D211', 'D212', 'D213', 'D214', 'D215', 'D216']
03-24 20:03:40 com_github_MitjaNemec_PlaceFootprints.action_place_footprints 376:wx.Colour(240, 240, 240, 255)
03-24 20:03:46 com_github_MitjaNemec_PlaceFootprints.action_place_footprints 507:'40'
03-24 20:03:46 com_github_MitjaNemec_PlaceFootprints.action_place_footprints 559:Preparing config for reference circular
03-24 20:03:46 com_github_MitjaNemec_PlaceFootprints.action_place_footprints 573:Saving config file
03-24 20:03:46 com_github_MitjaNemec_PlaceFootprints.action_place_footprints 575:Saved the config file
03-24 20:03:46 com_github_MitjaNemec_PlaceFootprints.action_place_footprints 929:Footprints to place:
['D201', 'D202', 'D203', 'D204', 'D205', 'D206', 'D207', 'D208', 'D209', 'D210', 'D211', 'D212', 'D213', 'D214', 'D215', 'D216']
03-24 20:03:46 com_github_MitjaNemec_PlaceFootprints.place_footprints 359:Starting placing with circular layout
03-24 20:03:46 com_github_MitjaNemec_PlaceFootprints.place_footprints 369:reference footprint position at: VECTOR2I(384690000, 117165000)
03-24 20:03:46 com_github_MitjaNemec_PlaceFootprints.place_footprints 374:rotation center at: (384690000, 157165000.0)
03-24 20:03:46 com_github_MitjaNemec_PlaceFootprints.place_footprints 506:Text of: D201 has property "Keep upright" rotation might not look as intended
03-24 20:03:46 com_github_MitjaNemec_PlaceFootprints.place_footprints 506:Text of: D201 has property "Keep upright" rotation might not look as intended
03-24 20:03:46 com_github_MitjaNemec_PlaceFootprints.place_footprints 506:Text of: D201 has property "Keep upright" rotation might not look as intended
03-24 20:03:46 com_github_MitjaNemec_PlaceFootprints.place_footprints 506:Text of: D201 has property "Keep upright" rotation might not look as intended
03-24 20:03:46 com_github_MitjaNemec_PlaceFootprints.place_footprints 506:Text of: D201 has property "Keep upright" rotation might not look as intended
03-24 20:03:46 com_github_MitjaNemec_PlaceFootprints.place_footprints 506:Text of: D201 has property "Keep upright" rotation might not look as intended
03-24 20:03:46 com_github_MitjaNemec_PlaceFootprints.place_footprints 506:Text of: D201 has property "Keep upright" rotation might not look as intended
03-24 20:03:46 com_github_MitjaNemec_PlaceFootprints.place_footprints 506:Text of: D201 has property "Keep upright" rotation might not look as intended
03-24 20:03:46 com_github_MitjaNemec_PlaceFootprints.place_footprints 506:Text of: D201 has property "Keep upright" rotation might not look as intended
03-24 20:03:46 com_github_MitjaNemec_PlaceFootprints.place_footprints 506:Text of: D201 has property "Keep upright" rotation might not look as intended
03-24 20:03:46 com_github_MitjaNemec_PlaceFootprints.place_footprints 506:Text of: D201 has property "Keep upright" rotation might not look as intended
03-24 20:03:46 com_github_MitjaNemec_PlaceFootprints.place_footprints 506:Text of: D201 has property "Keep upright" rotation might not look as intended
03-24 20:03:46 com_github_MitjaNemec_PlaceFootprints.place_footprints 506:Text of: D201 has property "Keep upright" rotation might not look as intended
03-24 20:03:46 com_github_MitjaNemec_PlaceFootprints.place_footprints 506:Text of: D201 has property "Keep upright" rotation might not look as intended
03-24 20:03:46 com_github_MitjaNemec_PlaceFootprints.place_footprints 506:Text of: D201 has property "Keep upright" rotation might not look as intended
03-24 20:03:46 com_github_MitjaNemec_PlaceFootprints.place_footprints 506:Text of: D201 has property "Keep upright" rotation might not look as intended
03-24 20:03:46 com_github_MitjaNemec_PlaceFootprints.place_footprints 506:Text of: D201 has property "Keep upright" rotation might not look as intended
03-24 20:03:46 com_github_MitjaNemec_PlaceFootprints.place_footprints 506:Text of: D201 has property "Keep upright" rotation might not look as intended
03-24 20:03:46 com_github_MitjaNemec_PlaceFootprints.place_footprints 506:Text of: D201 has property "Keep upright" rotation might not look as intended
03-24 20:03:46 com_github_MitjaNemec_PlaceFootprints.place_footprints 506:Text of: D201 has property "Keep upright" rotation might not look as intended
03-24 20:03:46 com_github_MitjaNemec_PlaceFootprints.place_footprints 506:Text of: D201 has property "Keep upright" rotation might not look as intended
03-24 20:03:46 com_github_MitjaNemec_PlaceFootprints.place_footprints 506:Text of: D201 has property "Keep upright" rotation might not look as intended
03-24 20:03:46 com_github_MitjaNemec_PlaceFootprints.place_footprints 506:Text of: D201 has property "Keep upright" rotation might not look as intended
03-24 20:03:46 com_github_MitjaNemec_PlaceFootprints.place_footprints 506:Text of: D201 has property "Keep upright" rotation might not look as intended
03-24 20:03:46 com_github_MitjaNemec_PlaceFootprints.place_footprints 506:Text of: D201 has property "Keep upright" rotation might not look as intended
03-24 20:03:46 com_github_MitjaNemec_PlaceFootprints.place_footprints 506:Text of: D201 has property "Keep upright" rotation might not look as intended
03-24 20:03:46 com_github_MitjaNemec_PlaceFootprints.place_footprints 506:Text of: D201 has property "Keep upright" rotation might not look as intended
03-24 20:03:46 com_github_MitjaNemec_PlaceFootprints.place_footprints 506:Text of: D201 has property "Keep upright" rotation might not look as intended
03-24 20:03:46 com_github_MitjaNemec_PlaceFootprints.place_footprints 506:Text of: D201 has property "Keep upright" rotation might not look as intended
03-24 20:03:46 com_github_MitjaNemec_PlaceFootprints.place_footprints 506:Text of: D201 has property "Keep upright" rotation might not look as intended
03-24 20:03:46 com_github_MitjaNemec_PlaceFootprints.place_footprints 506:Text of: D201 has property "Keep upright" rotation might not look as intended
03-24 20:03:46 com_github_MitjaNemec_PlaceFootprints.place_footprints 506:Text of: D201 has property "Keep upright" rotation might not look as intended
03-24 20:03:46 com_github_MitjaNemec_PlaceFootprints.place_footprints 506:Text of: D201 has property "Keep upright" rotation might not look as intended
03-24 20:03:46 com_github_MitjaNemec_PlaceFootprints.place_footprints 506:Text of: D201 has property "Keep upright" rotation might not look as intended
03-24 20:03:46 com_github_MitjaNemec_PlaceFootprints.place_footprints 506:Text of: D201 has property "Keep upright" rotation might not look as intended
03-24 20:03:46 com_github_MitjaNemec_PlaceFootprints.place_footprints 506:Text of: D201 has property "Keep upright" rotation might not look as intended
03-24 20:03:46 com_github_MitjaNemec_PlaceFootprints.place_footprints 506:Text of: D201 has property "Keep upright" rotation might not look as intended
03-24 20:03:46 com_github_MitjaNemec_PlaceFootprints.place_footprints 506:Text of: D201 has property "Keep upright" rotation might not look as intended
03-24 20:03:46 com_github_MitjaNemec_PlaceFootprints.place_footprints 506:Text of: D201 has property "Keep upright" rotation might not look as intended
03-24 20:03:46 com_github_MitjaNemec_PlaceFootprints.place_footprints 506:Text of: D201 has property "Keep upright" rotation might not look as intended
03-24 20:03:46 com_github_MitjaNemec_PlaceFootprints.place_footprints 506:Text of: D201 has property "Keep upright" rotation might not look as intended
03-24 20:03:46 com_github_MitjaNemec_PlaceFootprints.place_footprints 506:Text of: D201 has property "Keep upright" rotation might not look as intended
03-24 20:03:46 com_github_MitjaNemec_PlaceFootprints.place_footprints 506:Text of: D201 has property "Keep upright" rotation might not look as intended
03-24 20:03:46 com_github_MitjaNemec_PlaceFootprints.place_footprints 506:Text of: D201 has property "Keep upright" rotation might not look as intended
03-24 20:03:46 com_github_MitjaNemec_PlaceFootprints.place_footprints 506:Text of: D201 has property "Keep upright" rotation might not look as intended
03-24 20:03:46 com_github_MitjaNemec_PlaceFootprints.action_place_footprints 944:Placing complete
