03-19 08:21:21 com_github_MitjaNemec_PlaceFootprints.action_place_footprints 674:Plugin executed on: 'win32'
03-19 08:21:21 com_github_MitjaNemec_PlaceFootprints.action_place_footprints 675:Plugin executed with python version: '3.11.5 (main, Nov  6 2025, 07:48:09) [MSC v.1944 64 bit (AMD64)]'
03-19 08:21:21 com_github_MitjaNemec_PlaceFootprints.action_place_footprints 676:KiCad build version: 9.0.7
03-19 08:21:21 com_github_MitjaNemec_PlaceFootprints.action_place_footprints 677:Plugin version: 4.0.1
03-19 08:21:21 com_github_MitjaNemec_PlaceFootprints.action_place_footprints 678:Frame repr: <wx._core.Frame object at 0x000001E87FECF400>
03-19 08:21:21 com_github_MitjaNemec_PlaceFootprints.place_footprints 121:getting a list of all footprints on board
03-19 08:21:21 com_github_MitjaNemec_PlaceFootprints.place_footprints 156:Footprint TP609 on root level
03-19 08:21:21 com_github_MitjaNemec_PlaceFootprints.place_footprints 156:Footprint TP611 on root level
03-19 08:21:21 com_github_MitjaNemec_PlaceFootprints.place_footprints 156:Footprint TP610 on root level
03-19 08:21:21 com_github_MitjaNemec_PlaceFootprints.action_place_footprints 717:Reference footprint='C207'
03-19 08:21:24 com_github_MitjaNemec_PlaceFootprints.action_place_footprints 858:Reference designator is: C
03-19 08:21:24 com_github_MitjaNemec_PlaceFootprints.action_place_footprints 859:Reference number is: 207
03-19 08:21:24 com_github_MitjaNemec_PlaceFootprints.action_place_footprints 891:Sorted and filtered list:
['C201', 'C202', 'C203', 'C204', 'C205', 'C206', 'C207', 'C208', 'C209', 'C210', 'C211', 'C212', 'C213', 'C214', 'C215', 'C216', 'C217']
03-19 08:21:24 com_github_MitjaNemec_PlaceFootprints.action_place_footprints 376:wx.Colour(240, 240, 240, 255)
03-19 08:21:39 com_github_MitjaNemec_PlaceFootprints.action_place_footprints 507:'40'
03-19 08:21:39 com_github_MitjaNemec_PlaceFootprints.action_place_footprints 559:Preparing config for reference circular
03-19 08:21:39 com_github_MitjaNemec_PlaceFootprints.action_place_footprints 573:Saving config file
03-19 08:21:39 com_github_MitjaNemec_PlaceFootprints.action_place_footprints 575:Saved the config file
03-19 08:21:39 com_github_MitjaNemec_PlaceFootprints.action_place_footprints 929:Footprints to place:
['C202', 'C203', 'C204', 'C205', 'C206', 'C207', 'C208', 'C209', 'C210', 'C211', 'C212', 'C213', 'C214', 'C215', 'C216', 'C217']
03-19 08:21:39 com_github_MitjaNemec_PlaceFootprints.place_footprints 359:Starting placing with circular layout
03-19 08:21:39 com_github_MitjaNemec_PlaceFootprints.place_footprints 369:reference footprint position at: VECTOR2I(359500000, 99790000)
03-19 08:21:39 com_github_MitjaNemec_PlaceFootprints.place_footprints 374:rotation center at: (359500000, 139790000.0)
03-19 08:21:39 com_github_MitjaNemec_PlaceFootprints.place_footprints 506:Text of: C207 has property "Keep upright" rotation might not look as intended
03-19 08:21:39 com_github_MitjaNemec_PlaceFootprints.place_footprints 506:Text of: C207 has property "Keep upright" rotation might not look as intended
03-19 08:21:39 com_github_MitjaNemec_PlaceFootprints.place_footprints 506:Text of: C207 has property "Keep upright" rotation might not look as intended
03-19 08:21:39 com_github_MitjaNemec_PlaceFootprints.place_footprints 506:Text of: C207 has property "Keep upright" rotation might not look as intended
03-19 08:21:39 com_github_MitjaNemec_PlaceFootprints.place_footprints 506:Text of: C207 has property "Keep upright" rotation might not look as intended
03-19 08:21:39 com_github_MitjaNemec_PlaceFootprints.place_footprints 506:Text of: C207 has property "Keep upright" rotation might not look as intended
03-19 08:21:39 com_github_MitjaNemec_PlaceFootprints.place_footprints 506:Text of: C207 has property "Keep upright" rotation might not look as intended
03-19 08:21:39 com_github_MitjaNemec_PlaceFootprints.place_footprints 506:Text of: C207 has property "Keep upright" rotation might not look as intended
03-19 08:21:39 com_github_MitjaNemec_PlaceFootprints.place_footprints 506:Text of: C207 has property "Keep upright" rotation might not look as intended
03-19 08:21:39 com_github_MitjaNemec_PlaceFootprints.place_footprints 506:Text of: C207 has property "Keep upright" rotation might not look as intended
03-19 08:21:39 com_github_MitjaNemec_PlaceFootprints.place_footprints 506:Text of: C207 has property "Keep upright" rotation might not look as intended
03-19 08:21:39 com_github_MitjaNemec_PlaceFootprints.place_footprints 506:Text of: C207 has property "Keep upright" rotation might not look as intended
03-19 08:21:39 com_github_MitjaNemec_PlaceFootprints.place_footprints 506:Text of: C207 has property "Keep upright" rotation might not look as intended
03-19 08:21:39 com_github_MitjaNemec_PlaceFootprints.place_footprints 506:Text of: C207 has property "Keep upright" rotation might not look as intended
03-19 08:21:39 com_github_MitjaNemec_PlaceFootprints.place_footprints 506:Text of: C207 has property "Keep upright" rotation might not look as intended
03-19 08:21:39 com_github_MitjaNemec_PlaceFootprints.place_footprints 506:Text of: C207 has property "Keep upright" rotation might not look as intended
03-19 08:21:39 com_github_MitjaNemec_PlaceFootprints.place_footprints 506:Text of: C207 has property "Keep upright" rotation might not look as intended
03-19 08:21:39 com_github_MitjaNemec_PlaceFootprints.place_footprints 506:Text of: C207 has property "Keep upright" rotation might not look as intended
03-19 08:21:39 com_github_MitjaNemec_PlaceFootprints.place_footprints 506:Text of: C207 has property "Keep upright" rotation might not look as intended
03-19 08:21:39 com_github_MitjaNemec_PlaceFootprints.place_footprints 506:Text of: C207 has property "Keep upright" rotation might not look as intended
03-19 08:21:39 com_github_MitjaNemec_PlaceFootprints.place_footprints 506:Text of: C207 has property "Keep upright" rotation might not look as intended
03-19 08:21:39 com_github_MitjaNemec_PlaceFootprints.place_footprints 506:Text of: C207 has property "Keep upright" rotation might not look as intended
03-19 08:21:39 com_github_MitjaNemec_PlaceFootprints.place_footprints 506:Text of: C207 has property "Keep upright" rotation might not look as intended
03-19 08:21:39 com_github_MitjaNemec_PlaceFootprints.place_footprints 506:Text of: C207 has property "Keep upright" rotation might not look as intended
03-19 08:21:39 com_github_MitjaNemec_PlaceFootprints.place_footprints 506:Text of: C207 has property "Keep upright" rotation might not look as intended
03-19 08:21:39 com_github_MitjaNemec_PlaceFootprints.place_footprints 506:Text of: C207 has property "Keep upright" rotation might not look as intended
03-19 08:21:39 com_github_MitjaNemec_PlaceFootprints.place_footprints 506:Text of: C207 has property "Keep upright" rotation might not look as intended
03-19 08:21:39 com_github_MitjaNemec_PlaceFootprints.place_footprints 506:Text of: C207 has property "Keep upright" rotation might not look as intended
03-19 08:21:39 com_github_MitjaNemec_PlaceFootprints.place_footprints 506:Text of: C207 has property "Keep upright" rotation might not look as intended
03-19 08:21:39 com_github_MitjaNemec_PlaceFootprints.place_footprints 506:Text of: C207 has property "Keep upright" rotation might not look as intended
03-19 08:21:39 com_github_MitjaNemec_PlaceFootprints.place_footprints 506:Text of: C207 has property "Keep upright" rotation might not look as intended
03-19 08:21:39 com_github_MitjaNemec_PlaceFootprints.place_footprints 506:Text of: C207 has property "Keep upright" rotation might not look as intended
03-19 08:21:39 com_github_MitjaNemec_PlaceFootprints.place_footprints 506:Text of: C207 has property "Keep upright" rotation might not look as intended
03-19 08:21:39 com_github_MitjaNemec_PlaceFootprints.place_footprints 506:Text of: C207 has property "Keep upright" rotation might not look as intended
03-19 08:21:39 com_github_MitjaNemec_PlaceFootprints.place_footprints 506:Text of: C207 has property "Keep upright" rotation might not look as intended
03-19 08:21:39 com_github_MitjaNemec_PlaceFootprints.place_footprints 506:Text of: C207 has property "Keep upright" rotation might not look as intended
03-19 08:21:39 com_github_MitjaNemec_PlaceFootprints.place_footprints 506:Text of: C207 has property "Keep upright" rotation might not look as intended
03-19 08:21:39 com_github_MitjaNemec_PlaceFootprints.place_footprints 506:Text of: C207 has property "Keep upright" rotation might not look as intended
03-19 08:21:39 com_github_MitjaNemec_PlaceFootprints.place_footprints 506:Text of: C207 has property "Keep upright" rotation might not look as intended
03-19 08:21:39 com_github_MitjaNemec_PlaceFootprints.place_footprints 506:Text of: C207 has property "Keep upright" rotation might not look as intended
03-19 08:21:39 com_github_MitjaNemec_PlaceFootprints.place_footprints 506:Text of: C207 has property "Keep upright" rotation might not look as intended
03-19 08:21:39 com_github_MitjaNemec_PlaceFootprints.place_footprints 506:Text of: C207 has property "Keep upright" rotation might not look as intended
03-19 08:21:39 com_github_MitjaNemec_PlaceFootprints.place_footprints 506:Text of: C207 has property "Keep upright" rotation might not look as intended
03-19 08:21:39 com_github_MitjaNemec_PlaceFootprints.place_footprints 506:Text of: C207 has property "Keep upright" rotation might not look as intended
03-19 08:21:39 com_github_MitjaNemec_PlaceFootprints.place_footprints 506:Text of: C207 has property "Keep upright" rotation might not look as intended
03-19 08:21:39 com_github_MitjaNemec_PlaceFootprints.action_place_footprints 944:Placing complete
